<?xml version="1.0" encoding="UTF-8"?>
<testng-results skipped="0" failed="0" total="1" passed="1">
  <reporter-output>
  </reporter-output>
  <suite name="BDD Test Suite" duration-ms="409" started-at="2018-08-03T16:28:04Z" finished-at="2018-08-03T16:28:05Z">
    <groups>
      <group name="cucumber">
        <method signature="TestRunner.feature(cucumber.api.testng.CucumberFeatureWrapper)[pri:0, instance:com.cucumberFramework.testRunner.TestRunner@90f6bfd]" name="feature" class="com.cucumberFramework.testRunner.TestRunner"/>
      </group> <!-- cucumber -->
    </groups>
    <test name="Login Test" duration-ms="409" started-at="2018-08-03T16:28:04Z" finished-at="2018-08-03T16:28:05Z">
      <class name="com.cucumberFramework.testRunner.TestRunner">
        <test-method status="PASS" signature="setUpClass()[pri:0, instance:com.cucumberFramework.testRunner.TestRunner@90f6bfd]" name="setUpClass" is-config="true" duration-ms="220" started-at="2018-08-03T11:28:04Z" finished-at="2018-08-03T11:28:05Z">
          <reporter-output>
          </reporter-output>
        </test-method> <!-- setUpClass -->
        <test-method status="PASS" signature="feature(cucumber.api.testng.CucumberFeatureWrapper)[pri:0, instance:com.cucumberFramework.testRunner.TestRunner@90f6bfd]" name="feature" duration-ms="56" started-at="2018-08-03T11:28:05Z" description="Runs cucmber Features" data-provider="features" finished-at="2018-08-03T11:28:05Z">
          <params>
            <param index="0">
              <value>
                <![CDATA[Sign In]]>
              </value>
            </param>
          </params>
          <reporter-output>
          </reporter-output>
        </test-method> <!-- feature -->
        <test-method status="PASS" signature="testDownClass()[pri:0, instance:com.cucumberFramework.testRunner.TestRunner@90f6bfd]" name="testDownClass" is-config="true" duration-ms="35" started-at="2018-08-03T11:28:05Z" finished-at="2018-08-03T11:28:05Z">
          <reporter-output>
          </reporter-output>
        </test-method> <!-- testDownClass -->
      </class> <!-- com.cucumberFramework.testRunner.TestRunner -->
    </test> <!-- Login Test -->
  </suite> <!-- BDD Test Suite -->
</testng-results>
