<?xml version="1.0" encoding="UTF-8"?>
<testng-results skipped="0" failed="0" total="0" passed="0">
  <reporter-output>
  </reporter-output>
  <suite name="BDD Test Suite" duration-ms="5" started-at="2018-08-08T18:31:46Z" finished-at="2018-08-08T18:31:46Z">
    <groups>
    </groups>
    <test name=" FreeCRM Login Test" duration-ms="5" started-at="2018-08-08T18:31:46Z" finished-at="2018-08-08T18:31:46Z">
    </test> <!--  FreeCRM Login Test -->
  </suite> <!-- BDD Test Suite -->
</testng-results>
