<?xml version="1.0" encoding="UTF-8"?>
<testng-results skipped="0" failed="0" ignored="0" total="2" passed="2">
  <reporter-output>
  </reporter-output>
  <suite name="Default suite" duration-ms="3148" started-at="2018-07-25T20:25:33Z" finished-at="2018-07-25T20:25:36Z">
    <groups>
    </groups>
    <test name="Default test" duration-ms="3148" started-at="2018-07-25T20:25:33Z" finished-at="2018-07-25T20:25:36Z">
      <class name="getRequest.GetData">
        <test-method status="PASS" signature="testBody()[pri:0, instance:getRequest.GetData@4439f31e]" name="testBody" duration-ms="2333" started-at="2018-07-25T15:25:33Z" finished-at="2018-07-25T15:25:36Z">
          <reporter-output>
          </reporter-output>
        </test-method> <!-- testBody -->
        <test-method status="PASS" signature="testResponsecode()[pri:0, instance:getRequest.GetData@4439f31e]" name="testResponsecode" duration-ms="795" started-at="2018-07-25T15:25:36Z" finished-at="2018-07-25T15:25:36Z">
          <reporter-output>
          </reporter-output>
        </test-method> <!-- testResponsecode -->
      </class> <!-- getRequest.GetData -->
    </test> <!-- Default test -->
  </suite> <!-- Default suite -->
</testng-results>
