<?xml version="1.0" encoding="UTF-8"?>
<testng-results skipped="0" failed="0" total="0" passed="0">
  <reporter-output>
  </reporter-output>
  <suite name="BDD Test Suite" duration-ms="6" started-at="2018-08-08T17:23:07Z" finished-at="2018-08-08T17:23:07Z">
    <groups>
    </groups>
    <test name=" Facebook Login Test" duration-ms="6" started-at="2018-08-08T17:23:07Z" finished-at="2018-08-08T17:23:07Z">
    </test> <!--  Facebook Login Test -->
  </suite> <!-- BDD Test Suite -->
</testng-results>
